{
  "stats": {
    "suites": 1,
    "tests": 1,
    "passes": 1,
    "pending": 0,
    "failures": 0,
    "start": "2022-05-14T21:08:53.050Z",
    "end": "2022-05-14T21:09:22.929Z",
    "duration": 29879,
    "testsRegistered": 1,
    "passPercent": 100,
    "pendingPercent": 0,
    "other": 0,
    "hasOther": false,
    "skipped": 0,
    "hasSkipped": false
  },
  "results": [
    {
      "uuid": "131f1efe-8023-40ab-85bc-cbf59631965c",
      "title": "",
      "fullFile": "cypress/integration/testcases/login.spec.js",
      "file": "cypress/integration/testcases/login.spec.js",
      "beforeHooks": [],
      "afterHooks": [],
      "tests": [],
      "suites": [
        {
          "uuid": "87ad3840-2727-4767-af08-bc9077b79976",
          "title": "Login Test",
          "fullFile": "",
          "file": "",
          "beforeHooks": [],
          "afterHooks": [],
          "tests": [
            {
              "title": "check user can login successfully",
              "fullTitle": "Login Test check user can login successfully",
              "timedOut": null,
              "duration": 24691,
              "state": "passed",
              "speed": "slow",
              "pass": true,
              "fail": false,
              "pending": false,
              "context": null,
              "code": "homepage.visit(); // cy.visit('http://automationpractice.com/index.php')\n// cy.get('.login').click()\nhomepage.clickSignIn();\nsigninpage.typeEmailAddress();\nsigninpage.typePassword();\nsigninpage.clickSignIn();\nmyaccountpage.verifyMyAcoount();\nmyaccountpage.clickSignOut();",
              "err": {},
              "uuid": "626e4a7c-f312-4f18-ab13-d46a76afd1e0",
              "parentUUID": "87ad3840-2727-4767-af08-bc9077b79976",
              "isHook": false,
              "skipped": false
            }
          ],
          "suites": [],
          "passes": [
            "626e4a7c-f312-4f18-ab13-d46a76afd1e0"
          ],
          "failures": [],
          "pending": [],
          "skipped": [],
          "duration": 24691,
          "root": false,
          "rootEmpty": false,
          "_timeout": 2000
        }
      ],
      "passes": [],
      "failures": [],
      "pending": [],
      "skipped": [],
      "duration": 0,
      "root": true,
      "rootEmpty": true,
      "_timeout": 2000
    }
  ],
  "meta": {
    "mocha": {
      "version": "7.0.1"
    },
    "mochawesome": {
      "options": {
        "quiet": false,
        "reportFilename": "mochawesome",
        "saveHtml": false,
        "saveJson": true,
        "consoleReporter": "spec",
        "useInlineDiffs": false,
        "code": true
      },
      "version": "7.1.3"
    },
    "marge": {
      "options": {
        "id": "default",
        "reportDir": "cypress/reports/mocha",
        "quite": true,
        "overwrite": false,
        "html": false,
        "json": true
      },
      "version": "6.2.0"
    }
  }
}